c:\comp2100\netprogproject\raycastgame\x64\release\vc143.pdb
c:\comp2100\netprogproject\raycastgame\x64\release\vector2.obj
c:\comp2100\netprogproject\raycastgame\x64\release\topdown.obj
c:\comp2100\netprogproject\raycastgame\x64\release\raycaster.obj
c:\comp2100\netprogproject\raycastgame\x64\release\pixelbuffer.obj
c:\comp2100\netprogproject\raycastgame\x64\release\nine_project.obj
c:\comp2100\netprogproject\raycastgame\x64\release\gamestate.obj
c:\comp2100\netprogproject\raycastgame\x64\release\drawshapes.obj
c:\comp2100\netprogproject\raycastgame\x64\release\glad.obj
c:\comp2100\netprogproject\x64\release\raycastgame.exe
c:\comp2100\netprogproject\raycastgame\x64\release\raycastgame.ipdb
c:\comp2100\netprogproject\x64\release\raycastgame.pdb
c:\comp2100\netprogproject\raycastgame\x64\release\raycastgame.iobj
c:\comp2100\netprogproject\raycastgame\x64\release\main.obj
c:\comp2100\netprogproject\raycastgame\x64\release\raycastengine.obj
c:\comp2100\netprogproject\raycastgame\x64\release\raycastgame.tlog\cl.command.1.tlog
c:\comp2100\netprogproject\raycastgame\x64\release\raycastgame.tlog\cl.read.1.tlog
c:\comp2100\netprogproject\raycastgame\x64\release\raycastgame.tlog\cl.write.1.tlog
c:\comp2100\netprogproject\raycastgame\x64\release\raycastgame.tlog\link.command.1.tlog
c:\comp2100\netprogproject\raycastgame\x64\release\raycastgame.tlog\link.read.1.tlog
c:\comp2100\netprogproject\raycastgame\x64\release\raycastgame.tlog\link.write.1.tlog
