c:\users\mainot\documents\github\nine_project\nine_project\bin\nine_project.dir\debug\vc142.pdb
c:\users\mainot\documents\github\nine_project\nine_project\bin\nine_project.dir\debug\glad.obj
c:\users\mainot\documents\github\nine_project\nine_project\bin\nine_project.dir\debug\vector2.obj
c:\users\mainot\documents\github\nine_project\nine_project\bin\nine_project.dir\debug\topdown.obj
c:\users\mainot\documents\github\nine_project\nine_project\bin\nine_project.dir\debug\raycaster.obj
c:\users\mainot\documents\github\nine_project\nine_project\bin\nine_project.dir\debug\pixelbuffer.obj
c:\users\mainot\documents\github\nine_project\nine_project\bin\nine_project.dir\debug\gamestate.obj
c:\users\mainot\documents\github\nine_project\nine_project\bin\nine_project.dir\debug\nine_project.obj
c:\users\mainot\documents\github\nine_project\nine_project\bin\cmakefiles\generate.stamp
c:\users\mainot\documents\github\nine_project\nine_project\bin\nine_project.dir\debug\nine_project.ilk
c:\users\mainot\documents\github\nine_project\nine_project\bin\debug\nine_project.exe
c:\users\mainot\documents\github\nine_project\nine_project\bin\debug\nine_project.pdb
c:\users\mainot\documents\github\nine_project\nine_project\bin\nine_project.dir\debug\nine_project.tlog\cl.command.1.tlog
c:\users\mainot\documents\github\nine_project\nine_project\bin\nine_project.dir\debug\nine_project.tlog\cl.read.1.tlog
c:\users\mainot\documents\github\nine_project\nine_project\bin\nine_project.dir\debug\nine_project.tlog\cl.write.1.tlog
c:\users\mainot\documents\github\nine_project\nine_project\bin\nine_project.dir\debug\nine_project.tlog\custombuild.command.1.tlog
c:\users\mainot\documents\github\nine_project\nine_project\bin\nine_project.dir\debug\nine_project.tlog\custombuild.read.1.tlog
c:\users\mainot\documents\github\nine_project\nine_project\bin\nine_project.dir\debug\nine_project.tlog\custombuild.write.1.tlog
c:\users\mainot\documents\github\nine_project\nine_project\bin\nine_project.dir\debug\nine_project.tlog\link.command.1.tlog
c:\users\mainot\documents\github\nine_project\nine_project\bin\nine_project.dir\debug\nine_project.tlog\link.read.1.tlog
c:\users\mainot\documents\github\nine_project\nine_project\bin\nine_project.dir\debug\nine_project.tlog\link.write.1.tlog
